0 info it worked if it ends with ok
1 verbose cli [ 'node',
1 verbose cli   '/usr/local/bin/npm',
1 verbose cli   'install',
1 verbose cli   '--save-dev',
1 verbose cli   'gulp',
1 verbose cli   'browserify@9.0.3',
1 verbose cli   'vinyl-trasnform' ]
2 info using npm@1.4.28
3 info using node@v0.10.36
4 warn package.json sgb-screen-image@1.0.0 No description
5 warn package.json sgb-screen-image@1.0.0 No README data
6 verbose readDependencies using package.json deps
7 verbose cache add [ 'gulp', null ]
8 verbose cache add name=undefined spec="gulp" args=["gulp",null]
9 verbose parsed url { protocol: null,
9 verbose parsed url   slashes: null,
9 verbose parsed url   auth: null,
9 verbose parsed url   host: null,
9 verbose parsed url   port: null,
9 verbose parsed url   hostname: null,
9 verbose parsed url   hash: null,
9 verbose parsed url   search: null,
9 verbose parsed url   query: null,
9 verbose parsed url   pathname: 'gulp',
9 verbose parsed url   path: 'gulp',
9 verbose parsed url   href: 'gulp' }
10 verbose cache add [ 'browserify@9.0.3', null ]
11 verbose cache add name=undefined spec="browserify@9.0.3" args=["browserify@9.0.3",null]
12 verbose parsed url { protocol: null,
12 verbose parsed url   slashes: null,
12 verbose parsed url   auth: null,
12 verbose parsed url   host: null,
12 verbose parsed url   port: null,
12 verbose parsed url   hostname: null,
12 verbose parsed url   hash: null,
12 verbose parsed url   search: null,
12 verbose parsed url   query: null,
12 verbose parsed url   pathname: 'browserify@9.0.3',
12 verbose parsed url   path: 'browserify@9.0.3',
12 verbose parsed url   href: 'browserify@9.0.3' }
13 verbose cache add [ 'vinyl-trasnform', null ]
14 verbose cache add name=undefined spec="vinyl-trasnform" args=["vinyl-trasnform",null]
15 verbose parsed url { protocol: null,
15 verbose parsed url   slashes: null,
15 verbose parsed url   auth: null,
15 verbose parsed url   host: null,
15 verbose parsed url   port: null,
15 verbose parsed url   hostname: null,
15 verbose parsed url   hash: null,
15 verbose parsed url   search: null,
15 verbose parsed url   query: null,
15 verbose parsed url   pathname: 'vinyl-trasnform',
15 verbose parsed url   path: 'vinyl-trasnform',
15 verbose parsed url   href: 'vinyl-trasnform' }
16 verbose cache add name="browserify" spec="9.0.3" args=["browserify","9.0.3"]
17 verbose parsed url { protocol: null,
17 verbose parsed url   slashes: null,
17 verbose parsed url   auth: null,
17 verbose parsed url   host: null,
17 verbose parsed url   port: null,
17 verbose parsed url   hostname: null,
17 verbose parsed url   hash: null,
17 verbose parsed url   search: null,
17 verbose parsed url   query: null,
17 verbose parsed url   pathname: '9.0.3',
17 verbose parsed url   path: '9.0.3',
17 verbose parsed url   href: '9.0.3' }
18 verbose addNamed [ 'browserify', '9.0.3' ]
19 verbose addNamed [ '9.0.3', '9.0.3' ]
20 silly lockFile 9750c68d-gulp gulp
21 verbose lock gulp /Users/sgbpty-002/.npm/9750c68d-gulp.lock
22 silly lockFile e0846108-browserify-9-0-3 browserify@9.0.3
23 verbose lock browserify@9.0.3 /Users/sgbpty-002/.npm/e0846108-browserify-9-0-3.lock
24 silly lockFile a2278836-vinyl-trasnform vinyl-trasnform
25 verbose lock vinyl-trasnform /Users/sgbpty-002/.npm/a2278836-vinyl-trasnform.lock
26 silly lockFile a2278836-vinyl-trasnform vinyl-trasnform
27 silly lockFile a2278836-vinyl-trasnform vinyl-trasnform
28 silly lockFile 9750c68d-gulp gulp
29 silly lockFile 9750c68d-gulp gulp
30 verbose addNamed [ 'vinyl-trasnform', '' ]
31 verbose addNamed [ null, '*' ]
32 silly lockFile 93400602-vinyl-trasnform vinyl-trasnform@
33 verbose lock vinyl-trasnform@ /Users/sgbpty-002/.npm/93400602-vinyl-trasnform.lock
34 verbose addNamed [ 'gulp', '' ]
35 verbose addNamed [ null, '*' ]
36 silly lockFile 72f4391e-gulp gulp@
37 verbose lock gulp@ /Users/sgbpty-002/.npm/72f4391e-gulp.lock
38 silly addNameRange { name: 'vinyl-trasnform', range: '*', hasData: false }
39 silly addNameRange { name: 'gulp', range: '*', hasData: false }
40 verbose request where is /vinyl-trasnform
41 verbose request registry https://registry.npmjs.org/
42 verbose request id b41673496f697f91
43 verbose url raw /vinyl-trasnform
44 verbose url resolving [ 'https://registry.npmjs.org/', './vinyl-trasnform' ]
45 verbose url resolved https://registry.npmjs.org/vinyl-trasnform
46 verbose request where is https://registry.npmjs.org/vinyl-trasnform
47 info trying registry request attempt 1 at 16:36:46
48 http GET https://registry.npmjs.org/vinyl-trasnform
49 verbose request where is /gulp
50 verbose request registry https://registry.npmjs.org/
51 verbose url raw /gulp
52 verbose url resolving [ 'https://registry.npmjs.org/', './gulp' ]
53 verbose url resolved https://registry.npmjs.org/gulp
54 verbose request where is https://registry.npmjs.org/gulp
55 info trying registry request attempt 1 at 16:36:46
56 verbose etag "481XE73X9GOI2A9R1O5FHNN7U"
57 http GET https://registry.npmjs.org/gulp
58 verbose request where is /browserify
59 verbose request registry https://registry.npmjs.org/
60 verbose url raw /browserify
61 verbose url resolving [ 'https://registry.npmjs.org/', './browserify' ]
62 verbose url resolved https://registry.npmjs.org/browserify
63 verbose request where is https://registry.npmjs.org/browserify
64 info trying registry request attempt 1 at 16:36:46
65 verbose etag "3BGYAF6SWD2H10LEB8INKPZZU"
66 http GET https://registry.npmjs.org/browserify
67 http 404 https://registry.npmjs.org/vinyl-trasnform
68 verbose headers { server: 'CouchDB/1.5.0 (Erlang OTP/R16B03)',
68 verbose headers   'content-type': 'application/json',
68 verbose headers   'cache-control': 'max-age=0',
68 verbose headers   'content-length': '51',
68 verbose headers   'accept-ranges': 'bytes',
68 verbose headers   date: 'Thu, 23 Apr 2015 21:36:46 GMT',
68 verbose headers   via: '1.1 varnish',
68 verbose headers   age: '0',
68 verbose headers   connection: 'keep-alive',
68 verbose headers   'x-served-by': 'cache-atl6232-ATL',
68 verbose headers   'x-cache': 'MISS',
68 verbose headers   'x-cache-hits': '0',
68 verbose headers   'x-timer': 'S1429825006.698341,VS0,VE81' }
69 silly registry.get cb [ 404,
69 silly registry.get   { server: 'CouchDB/1.5.0 (Erlang OTP/R16B03)',
69 silly registry.get     'content-type': 'application/json',
69 silly registry.get     'cache-control': 'max-age=0',
69 silly registry.get     'content-length': '51',
69 silly registry.get     'accept-ranges': 'bytes',
69 silly registry.get     date: 'Thu, 23 Apr 2015 21:36:46 GMT',
69 silly registry.get     via: '1.1 varnish',
69 silly registry.get     age: '0',
69 silly registry.get     connection: 'keep-alive',
69 silly registry.get     'x-served-by': 'cache-atl6232-ATL',
69 silly registry.get     'x-cache': 'MISS',
69 silly registry.get     'x-cache-hits': '0',
69 silly registry.get     'x-timer': 'S1429825006.698341,VS0,VE81' } ]
70 silly lockFile 93400602-vinyl-trasnform vinyl-trasnform@
71 silly lockFile 93400602-vinyl-trasnform vinyl-trasnform@
72 http 200 https://registry.npmjs.org/gulp
73 silly registry.get cb [ 200,
73 silly registry.get   { server: 'CouchDB/1.5.0 (Erlang OTP/R16B03)',
73 silly registry.get     etag: '"1BG3TMA3USC9BXYBMA91A1L38"',
73 silly registry.get     'content-type': 'application/json',
73 silly registry.get     'cache-control': 'max-age=60',
73 silly registry.get     'content-length': '101084',
73 silly registry.get     'accept-ranges': 'bytes',
73 silly registry.get     date: 'Thu, 23 Apr 2015 21:36:46 GMT',
73 silly registry.get     via: '1.1 varnish',
73 silly registry.get     age: '8',
73 silly registry.get     connection: 'keep-alive',
73 silly registry.get     'x-served-by': 'cache-atl6229-ATL',
73 silly registry.get     'x-cache': 'HIT',
73 silly registry.get     'x-cache-hits': '1',
73 silly registry.get     'x-timer': 'S1429825006.706113,VS0,VE1',
73 silly registry.get     vary: 'Accept' } ]
74 silly addNameRange number 2 { name: 'gulp', range: '*', hasData: true }
75 silly addNameRange versions [ 'gulp',
75 silly addNameRange   [ '0.0.1',
75 silly addNameRange     '0.0.2',
75 silly addNameRange     '0.0.3',
75 silly addNameRange     '0.0.4',
75 silly addNameRange     '0.0.5',
75 silly addNameRange     '0.0.7',
75 silly addNameRange     '0.0.8',
75 silly addNameRange     '0.0.9',
75 silly addNameRange     '0.1.0',
75 silly addNameRange     '0.2.0',
75 silly addNameRange     '1.0.0',
75 silly addNameRange     '1.1.0',
75 silly addNameRange     '1.2.0',
75 silly addNameRange     '1.2.1',
75 silly addNameRange     '2.0.0',
75 silly addNameRange     '2.0.1',
75 silly addNameRange     '2.1.0',
75 silly addNameRange     '2.2.0',
75 silly addNameRange     '2.3.0',
75 silly addNameRange     '2.4.0',
75 silly addNameRange     '2.4.1',
75 silly addNameRange     '2.6.0',
75 silly addNameRange     '2.6.1',
75 silly addNameRange     '2.7.0',
75 silly addNameRange     '3.0.0',
75 silly addNameRange     '3.1.1',
75 silly addNameRange     '3.1.2',
75 silly addNameRange     '3.1.3',
75 silly addNameRange     '3.1.4',
75 silly addNameRange     '3.2.0',
75 silly addNameRange     '3.2.1',
75 silly addNameRange     '3.2.2',
75 silly addNameRange     '3.2.3',
75 silly addNameRange     '3.2.4',
75 silly addNameRange     '3.2.5',
75 silly addNameRange     '3.3.0',
75 silly addNameRange     '3.3.1',
75 silly addNameRange     '3.3.2',
75 silly addNameRange     '3.3.4',
75 silly addNameRange     '3.4.0',
75 silly addNameRange     '3.5.0',
75 silly addNameRange     '3.5.1',
75 silly addNameRange     '3.5.2',
75 silly addNameRange     '3.5.5',
75 silly addNameRange     '3.5.6',
75 silly addNameRange     '3.6.0',
75 silly addNameRange     '3.6.1',
75 silly addNameRange     '3.6.2',
75 silly addNameRange     '3.7.0',
75 silly addNameRange     '3.8.0',
75 silly addNameRange     '3.8.1',
75 silly addNameRange     '3.8.2',
75 silly addNameRange     '3.8.3',
75 silly addNameRange     '3.8.4',
75 silly addNameRange     '3.8.5',
75 silly addNameRange     '3.8.6',
75 silly addNameRange     '3.8.7',
75 silly addNameRange     '3.8.8',
75 silly addNameRange     '3.8.9',
75 silly addNameRange     '3.8.10',
75 silly addNameRange     '3.8.11' ] ]
76 verbose addNamed [ 'gulp', '3.8.11' ]
77 verbose addNamed [ '3.8.11', '3.8.11' ]
78 silly lockFile 3d31ec08-gulp-3-8-11 gulp@3.8.11
79 verbose lock gulp@3.8.11 /Users/sgbpty-002/.npm/3d31ec08-gulp-3-8-11.lock
80 silly lockFile 3d31ec08-gulp-3-8-11 gulp@3.8.11
81 silly lockFile 3d31ec08-gulp-3-8-11 gulp@3.8.11
82 silly lockFile 72f4391e-gulp gulp@
83 silly lockFile 72f4391e-gulp gulp@
84 http 200 https://registry.npmjs.org/browserify
85 silly registry.get cb [ 200,
85 silly registry.get   { server: 'CouchDB/1.5.0 (Erlang OTP/R16B03)',
85 silly registry.get     etag: '"7U9VE9OZU674DILT7BIBV8F9Q"',
85 silly registry.get     'content-type': 'application/json',
85 silly registry.get     'cache-control': 'max-age=60',
85 silly registry.get     'content-length': '796984',
85 silly registry.get     'accept-ranges': 'bytes',
85 silly registry.get     date: 'Thu, 23 Apr 2015 21:36:46 GMT',
85 silly registry.get     via: '1.1 varnish',
85 silly registry.get     age: '56',
85 silly registry.get     connection: 'keep-alive',
85 silly registry.get     'x-served-by': 'cache-atl6231-ATL',
85 silly registry.get     'x-cache': 'HIT',
85 silly registry.get     'x-cache-hits': '1',
85 silly registry.get     'x-timer': 'S1429825006.704682,VS0,VE10',
85 silly registry.get     vary: 'Accept' } ]
86 silly lockFile f9a7f2bd--browserify-browserify-9-0-3-tgz https://registry.npmjs.org/browserify/-/browserify-9.0.3.tgz
87 verbose lock https://registry.npmjs.org/browserify/-/browserify-9.0.3.tgz /Users/sgbpty-002/.npm/f9a7f2bd--browserify-browserify-9-0-3-tgz.lock
88 verbose addRemoteTarball [ 'https://registry.npmjs.org/browserify/-/browserify-9.0.3.tgz',
88 verbose addRemoteTarball   'f2f742b82ec5631c64b8c98a9788db0017c6517c' ]
89 info retry fetch attempt 1 at 16:36:49
90 verbose fetch to= /var/folders/yq/kwxydm614h16yvk8p9p_xbrw0000gn/T/npm-21900-X0OLApU8/registry.npmjs.org/browserify/-/browserify-9.0.3.tgz
91 http GET https://registry.npmjs.org/browserify/-/browserify-9.0.3.tgz
92 http 200 https://registry.npmjs.org/browserify/-/browserify-9.0.3.tgz
93 silly lockFile f9a7f2bd--browserify-browserify-9-0-3-tgz https://registry.npmjs.org/browserify/-/browserify-9.0.3.tgz
94 silly lockFile f9a7f2bd--browserify-browserify-9-0-3-tgz https://registry.npmjs.org/browserify/-/browserify-9.0.3.tgz
95 silly lockFile e0846108-browserify-9-0-3 browserify@9.0.3
96 silly lockFile e0846108-browserify-9-0-3 browserify@9.0.3
97 error 404 404 Not Found: vinyl-trasnform
97 error 404
97 error 404 'vinyl-trasnform' is not in the npm registry.
97 error 404 You should bug the author to publish it
97 error 404 It was specified as a dependency of 'sgb-screen-image'
97 error 404
97 error 404 Note that you can also install from a
97 error 404 tarball, folder, or http url, or git url.
98 error System Darwin 14.1.0
99 error command "node" "/usr/local/bin/npm" "install" "--save-dev" "gulp" "browserify@9.0.3" "vinyl-trasnform"
100 error cwd /Users/sgbpty-002/Proyectos/Web/megazord/sgb-screen-image
101 error node -v v0.10.36
102 error npm -v 1.4.28
103 error code E404
104 verbose exit [ 1, true ]
